2025-06-25 15:24:22,970 - root - INFO - Logging system initialized
2025-06-25 15:24:26,626 - __main__ - INFO - Enhanced Object Detection System starting...
2025-06-25 15:24:26,628 - core.state - INFO - State manager initialized
2025-06-25 15:24:26,630 - __main__ - INFO - Application initialized successfully
2025-06-25 15:24:26,632 - __main__ - INFO - UI drawer initialized
2025-06-25 15:24:26,634 - core.camera - INFO - Camera manager initialized
2025-06-25 15:24:31,084 - core.camera - INFO - Found 1 available cameras: [0]
2025-06-25 15:24:31,091 - core.camera - INFO - Attempting to initialize camera 0
2025-06-25 15:24:42,331 - core.camera - INFO - Camera 0 properties:
2025-06-25 15:24:42,333 - core.camera - INFO -   Resolution: 640x480
2025-06-25 15:24:42,335 - core.camera - INFO -   FPS: 30
2025-06-25 15:24:42,337 - core.camera - INFO -   Frame shape: (480, 640, 3)
2025-06-25 15:24:42,339 - core.camera - INFO - Camera 0 initialized successfully
2025-06-25 15:24:42,341 - __main__ - INFO - Camera initialized successfully
2025-06-25 15:24:42,344 - detector.enhanced_detector - INFO - Enhanced YOLO detector initializing...
2025-06-25 15:24:42,346 - detector.enhanced_detector - INFO - Loading YOLO model: yolov8n.pt
2025-06-25 15:24:46,194 - detector.enhanced_detector - INFO - Model loaded successfully: 80 classes
2025-06-25 15:24:46,196 - detector.enhanced_detector - INFO - Enhanced YOLO detector initialized successfully
2025-06-25 15:24:46,198 - __main__ - INFO - Detector initialized successfully
2025-06-25 15:24:46,200 - __main__ - INFO - Recording directory: recordings
2025-06-25 15:24:46,202 - core.camera - INFO - Frame capture started
2025-06-25 15:24:46,204 - __main__ - INFO - Camera capture started
2025-06-25 15:24:46,211 - core.state - INFO - State changed: initializing -> running
2025-06-25 15:25:22,836 - __main__ - INFO - Exit key pressed
2025-06-25 15:25:22,843 - __main__ - INFO - Cleaning up resources...
2025-06-25 15:25:22,845 - core.camera - INFO - Releasing camera resources
2025-06-25 15:25:22,847 - core.camera - INFO - Stopping frame capture
2025-06-25 15:25:22,855 - core.camera - INFO - Frame capture stopped
2025-06-25 15:25:23,227 - core.camera - INFO - Camera resources released
2025-06-25 15:25:23,231 - detector.enhanced_detector - INFO - Shutting down detector...
2025-06-25 15:25:23,235 - detector.enhanced_detector - INFO - Detector shutdown complete
2025-06-25 15:25:23,281 - core.state - INFO - State changed: running -> stopped
2025-06-25 15:25:23,288 - __main__ - INFO - Cleanup completed successfully
2025-06-25 15:30:09,622 - root - INFO - Logging system initialized
2025-06-25 15:30:12,897 - __main__ - INFO - Enhanced Object Detection System starting...
2025-06-25 15:30:12,899 - core.state - INFO - State manager initialized
2025-06-25 15:30:12,901 - __main__ - INFO - Application initialized successfully
2025-06-25 15:30:12,902 - __main__ - INFO - UI drawer initialized
2025-06-25 15:30:12,903 - core.camera - INFO - Camera manager initialized
2025-06-25 15:30:16,785 - core.camera - INFO - Found 1 available cameras: [0]
2025-06-25 15:30:16,791 - core.camera - INFO - Attempting to initialize camera 0
2025-06-25 15:30:28,252 - core.camera - INFO - Camera 0 properties:
2025-06-25 15:30:28,254 - core.camera - INFO -   Resolution: 640x480
2025-06-25 15:30:28,256 - core.camera - INFO -   FPS: 30
2025-06-25 15:30:28,258 - core.camera - INFO -   Frame shape: (480, 640, 3)
2025-06-25 15:30:28,259 - core.camera - INFO - Camera 0 initialized successfully
2025-06-25 15:30:28,262 - __main__ - INFO - Camera initialized successfully
2025-06-25 15:30:28,265 - detector.enhanced_detector - INFO - Enhanced YOLO detector initializing...
2025-06-25 15:30:28,269 - detector.enhanced_detector - INFO - Loading YOLO model: yolov8n.pt
2025-06-25 15:30:32,812 - detector.enhanced_detector - INFO - Model loaded successfully: 80 classes
2025-06-25 15:30:32,814 - detector.enhanced_detector - INFO - Enhanced YOLO detector initialized successfully
2025-06-25 15:30:32,816 - __main__ - INFO - Detector initialized successfully
2025-06-25 15:30:32,818 - __main__ - INFO - Recording directory: recordings
2025-06-25 15:30:32,820 - core.camera - INFO - Frame capture started
2025-06-25 15:30:32,822 - __main__ - INFO - Camera capture started
2025-06-25 15:30:32,828 - core.state - INFO - State changed: initializing -> running
2025-06-25 15:36:04,727 - __main__ - INFO - Exit key pressed
2025-06-25 15:36:04,733 - __main__ - INFO - Cleaning up resources...
2025-06-25 15:36:04,735 - core.camera - INFO - Releasing camera resources
2025-06-25 15:36:04,737 - core.camera - INFO - Stopping frame capture
2025-06-25 15:36:04,770 - core.camera - INFO - Frame capture stopped
2025-06-25 15:36:05,163 - core.camera - INFO - Camera resources released
2025-06-25 15:36:05,168 - detector.enhanced_detector - INFO - Shutting down detector...
2025-06-25 15:36:05,171 - detector.enhanced_detector - INFO - Detector shutdown complete
2025-06-25 15:36:05,212 - core.state - INFO - State changed: running -> stopped
2025-06-25 15:36:05,214 - __main__ - INFO - Cleanup completed successfully
2025-06-25 15:36:13,255 - root - INFO - Logging system initialized
2025-06-25 15:36:16,327 - __main__ - INFO - Enhanced Object Detection System starting...
2025-06-25 15:36:16,329 - core.state - INFO - State manager initialized
2025-06-25 15:36:16,331 - __main__ - INFO - Application initialized successfully
2025-06-25 15:36:16,333 - __main__ - INFO - UI drawer initialized
2025-06-25 15:36:16,335 - core.camera - INFO - Camera manager initialized
2025-06-25 15:36:20,443 - core.camera - INFO - Found 1 available cameras: [0]
2025-06-25 15:36:20,448 - core.camera - INFO - Attempting to initialize camera 0
2025-06-25 15:36:31,285 - core.camera - INFO - Camera 0 properties:
2025-06-25 15:36:31,288 - core.camera - INFO -   Resolution: 640x480
2025-06-25 15:36:31,290 - core.camera - INFO -   FPS: 30
2025-06-25 15:36:31,293 - core.camera - INFO -   Frame shape: (480, 640, 3)
2025-06-25 15:36:31,296 - core.camera - INFO - Camera 0 initialized successfully
2025-06-25 15:36:31,300 - __main__ - INFO - Camera initialized successfully
2025-06-25 15:36:31,306 - detector.enhanced_detector - INFO - Enhanced YOLO detector initializing...
2025-06-25 15:36:31,312 - detector.enhanced_detector - INFO - Loading YOLO model: yolov8n.pt
2025-06-25 15:36:35,610 - detector.enhanced_detector - INFO - Model loaded successfully: 80 classes
2025-06-25 15:36:35,612 - detector.enhanced_detector - INFO - Enhanced YOLO detector initialized successfully
2025-06-25 15:36:35,614 - __main__ - INFO - Detector initialized successfully
2025-06-25 15:36:35,618 - __main__ - INFO - Recording directory: recordings
2025-06-25 15:36:35,620 - core.camera - INFO - Frame capture started
2025-06-25 15:36:35,622 - __main__ - INFO - Camera capture started
2025-06-25 15:36:35,630 - core.state - INFO - State changed: initializing -> running
2025-06-25 15:37:30,333 - __main__ - INFO - Exit key pressed
2025-06-25 15:37:30,341 - __main__ - INFO - Cleaning up resources...
2025-06-25 15:37:30,343 - core.camera - INFO - Releasing camera resources
2025-06-25 15:37:30,345 - core.camera - INFO - Stopping frame capture
2025-06-25 15:37:30,376 - core.camera - INFO - Frame capture stopped
2025-06-25 15:37:30,729 - core.camera - INFO - Camera resources released
2025-06-25 15:37:30,735 - detector.enhanced_detector - INFO - Shutting down detector...
2025-06-25 15:37:30,741 - detector.enhanced_detector - INFO - Detector shutdown complete
2025-06-25 15:37:30,820 - core.state - INFO - State changed: running -> stopped
2025-06-25 15:37:30,831 - __main__ - INFO - Cleanup completed successfully
2025-06-25 15:42:13,113 - root - INFO - Logging system initialized
2025-06-25 15:42:17,709 - __main__ - INFO - Enhanced Object Detection System starting...
2025-06-25 15:42:17,711 - core.state - INFO - State manager initialized
2025-06-25 15:42:17,713 - __main__ - INFO - Application initialized successfully
2025-06-25 15:42:17,716 - __main__ - INFO - UI drawer initialized
2025-06-25 15:42:17,719 - core.camera - INFO - Camera manager initialized
2025-06-25 15:42:23,633 - core.camera - INFO - Found 1 available cameras: [0]
2025-06-25 15:42:23,641 - core.camera - INFO - Attempting to initialize camera 0
2025-06-25 15:42:37,810 - core.camera - INFO - Camera 0 properties:
2025-06-25 15:42:37,812 - core.camera - INFO -   Resolution: 640x480
2025-06-25 15:42:37,814 - core.camera - INFO -   FPS: 30
2025-06-25 15:42:37,819 - core.camera - INFO -   Frame shape: (480, 640, 3)
2025-06-25 15:42:37,823 - core.camera - INFO - Camera 0 initialized successfully
2025-06-25 15:42:37,826 - __main__ - INFO - Camera initialized successfully
2025-06-25 15:42:37,828 - detector.enhanced_detector - INFO - Enhanced YOLO detector initializing...
2025-06-25 15:42:37,831 - detector.enhanced_detector - INFO - Loading YOLO model: yolov8n.pt
2025-06-25 15:42:42,753 - detector.enhanced_detector - INFO - Model loaded successfully: 80 classes
2025-06-25 15:42:42,757 - detector.enhanced_detector - INFO - Enhanced YOLO detector initialized successfully
2025-06-25 15:42:42,760 - __main__ - INFO - Detector initialized successfully
2025-06-25 15:42:42,762 - __main__ - INFO - Recording directory: recordings
2025-06-25 15:42:42,767 - core.camera - INFO - Frame capture started
2025-06-25 15:42:42,770 - __main__ - INFO - Camera capture started
2025-06-25 15:42:42,776 - core.state - INFO - State changed: initializing -> running
2025-06-25 15:43:28,237 - __main__ - INFO - Exit key pressed
2025-06-25 15:43:28,253 - __main__ - INFO - Cleaning up resources...
2025-06-25 15:43:28,257 - core.camera - INFO - Releasing camera resources
2025-06-25 15:43:28,261 - core.camera - INFO - Stopping frame capture
2025-06-25 15:43:28,269 - core.camera - INFO - Frame capture stopped
2025-06-25 15:43:28,640 - core.camera - INFO - Camera resources released
2025-06-25 15:43:28,647 - detector.enhanced_detector - INFO - Shutting down detector...
2025-06-25 15:43:28,653 - detector.enhanced_detector - INFO - Detector shutdown complete
2025-06-25 15:43:28,707 - core.state - INFO - State changed: running -> stopped
2025-06-25 15:43:28,714 - __main__ - INFO - Cleanup completed successfully
